[00:00:50] [main/INFO]: Environment: authHost='https://authserver.mojang.com', accountsHost='https://api.mojang.com', sessionHost='https://sessionserver.mojang.com', servicesHost='https://api.minecraftservices.com', name='PROD'
[00:00:51] [main/INFO]: Reloading ResourceManager: Default, Timber v2.1.2.zip, bukkit
[00:00:51] [Worker-Main-5/INFO]: Loaded 7 recipes
[00:00:52] [Server thread/INFO]: Starting minecraft server version 1.16.5
[00:00:52] [Server thread/INFO]: Loading properties
[00:00:53] [Server thread/INFO]: This server is running Paper version git-Paper-750 (MC: 1.16.5) (Implementing API version 1.16.5-R0.1-SNAPSHOT)
[00:00:53] [Server thread/INFO]: Debug logging is disabled
[00:00:53] [Server thread/INFO]: Using 4 threads for Netty based IO
[00:00:53] [Server thread/INFO]: Server Ping Player Sample Count: 12
[00:00:53] [Server thread/INFO]: Default game type: SURVIVAL
[00:00:53] [Server thread/INFO]: Generating keypair
[00:00:53] [Server thread/INFO]: Starting Minecraft server on 0.0.0.0:25568
[00:00:53] [Server thread/INFO]: Using default channel type
[00:00:54] [Server thread/WARN]: Initializing Legacy Material Support. Unless you have legacy plugins and/or data this is a bug!
[00:00:57] [Server thread/WARN]: Legacy plugin BetterPing v1.11.1 does not specify an api-version.
[00:00:58] [Server thread/ERROR]: Could not load 'plugins\multiverse-inventories-4.2.6.jar' in folder 'plugins'
org.bukkit.plugin.InvalidPluginException: java.lang.UnsupportedClassVersionError: com/onarandombox/multiverseinventories/MultiverseInventories has been compiled by a more recent version of the Java Runtime (class file version 55.0), this version of the Java Runtime only recognizes class file versions up to 52.0
	at org.bukkit.plugin.java.JavaPluginLoader.loadPlugin(JavaPluginLoader.java:157) ~[patched_1.16.5.jar:git-Paper-750]
	at org.bukkit.plugin.SimplePluginManager.loadPlugin(SimplePluginManager.java:414) ~[patched_1.16.5.jar:git-Paper-750]
	at org.bukkit.plugin.SimplePluginManager.loadPlugins(SimplePluginManager.java:322) ~[patched_1.16.5.jar:git-Paper-750]
	at org.bukkit.craftbukkit.v1_16_R3.CraftServer.loadPlugins(CraftServer.java:393) ~[patched_1.16.5.jar:git-Paper-750]
	at net.minecraft.server.v1_16_R3.DedicatedServer.init(DedicatedServer.java:269) ~[patched_1.16.5.jar:git-Paper-750]
	at net.minecraft.server.v1_16_R3.MinecraftServer.w(MinecraftServer.java:1069) ~[patched_1.16.5.jar:git-Paper-750]
	at net.minecraft.server.v1_16_R3.MinecraftServer.lambda$a$0(MinecraftServer.java:291) ~[patched_1.16.5.jar:git-Paper-750]
	at java.lang.Thread.run(Unknown Source) [?:1.8.0_411]
Caused by: java.lang.UnsupportedClassVersionError: com/onarandombox/multiverseinventories/MultiverseInventories has been compiled by a more recent version of the Java Runtime (class file version 55.0), this version of the Java Runtime only recognizes class file versions up to 52.0
	at java.lang.ClassLoader.defineClass1(Native Method) ~[?:1.8.0_411]
	at java.lang.ClassLoader.defineClass(Unknown Source) ~[?:1.8.0_411]
	at java.security.SecureClassLoader.defineClass(Unknown Source) ~[?:1.8.0_411]
	at org.bukkit.plugin.java.PluginClassLoader.findClass(PluginClassLoader.java:199) ~[patched_1.16.5.jar:git-Paper-750]
	at java.lang.ClassLoader.loadClass(Unknown Source) ~[?:1.8.0_411]
	at org.bukkit.plugin.java.PluginClassLoader.loadClass0(PluginClassLoader.java:119) ~[patched_1.16.5.jar:git-Paper-750]
	at org.bukkit.plugin.java.PluginClassLoader.loadClass(PluginClassLoader.java:114) ~[patched_1.16.5.jar:git-Paper-750]
	at java.lang.ClassLoader.loadClass(Unknown Source) ~[?:1.8.0_411]
	at java.lang.Class.forName0(Native Method) ~[?:1.8.0_411]
	at java.lang.Class.forName(Unknown Source) ~[?:1.8.0_411]
	at org.bukkit.plugin.java.PluginClassLoader.<init>(PluginClassLoader.java:82) ~[patched_1.16.5.jar:git-Paper-750]
	at org.bukkit.plugin.java.JavaPluginLoader.loadPlugin(JavaPluginLoader.java:153) ~[patched_1.16.5.jar:git-Paper-750]
	... 7 more
[00:00:58] [Server thread/ERROR]: Could not load 'plugins\InvSee++.jar' in folder 'plugins'
org.bukkit.plugin.InvalidPluginException: java.lang.UnsupportedClassVersionError: com/janboerman/invsee/spigot/InvseePlusPlus has been compiled by a more recent version of the Java Runtime (class file version 55.0), this version of the Java Runtime only recognizes class file versions up to 52.0
	at org.bukkit.plugin.java.JavaPluginLoader.loadPlugin(JavaPluginLoader.java:157) ~[patched_1.16.5.jar:git-Paper-750]
	at org.bukkit.plugin.SimplePluginManager.loadPlugin(SimplePluginManager.java:414) ~[patched_1.16.5.jar:git-Paper-750]
	at org.bukkit.plugin.SimplePluginManager.loadPlugins(SimplePluginManager.java:322) ~[patched_1.16.5.jar:git-Paper-750]
	at org.bukkit.craftbukkit.v1_16_R3.CraftServer.loadPlugins(CraftServer.java:393) ~[patched_1.16.5.jar:git-Paper-750]
	at net.minecraft.server.v1_16_R3.DedicatedServer.init(DedicatedServer.java:269) ~[patched_1.16.5.jar:git-Paper-750]
	at net.minecraft.server.v1_16_R3.MinecraftServer.w(MinecraftServer.java:1069) ~[patched_1.16.5.jar:git-Paper-750]
	at net.minecraft.server.v1_16_R3.MinecraftServer.lambda$a$0(MinecraftServer.java:291) ~[patched_1.16.5.jar:git-Paper-750]
	at java.lang.Thread.run(Unknown Source) [?:1.8.0_411]
Caused by: java.lang.UnsupportedClassVersionError: com/janboerman/invsee/spigot/InvseePlusPlus has been compiled by a more recent version of the Java Runtime (class file version 55.0), this version of the Java Runtime only recognizes class file versions up to 52.0
	at java.lang.ClassLoader.defineClass1(Native Method) ~[?:1.8.0_411]
	at java.lang.ClassLoader.defineClass(Unknown Source) ~[?:1.8.0_411]
	at java.security.SecureClassLoader.defineClass(Unknown Source) ~[?:1.8.0_411]
	at org.bukkit.plugin.java.PluginClassLoader.findClass(PluginClassLoader.java:199) ~[patched_1.16.5.jar:git-Paper-750]
	at java.lang.ClassLoader.loadClass(Unknown Source) ~[?:1.8.0_411]
	at org.bukkit.plugin.java.PluginClassLoader.loadClass0(PluginClassLoader.java:119) ~[patched_1.16.5.jar:git-Paper-750]
	at org.bukkit.plugin.java.PluginClassLoader.loadClass(PluginClassLoader.java:114) ~[patched_1.16.5.jar:git-Paper-750]
	at java.lang.ClassLoader.loadClass(Unknown Source) ~[?:1.8.0_411]
	at java.lang.Class.forName0(Native Method) ~[?:1.8.0_411]
	at java.lang.Class.forName(Unknown Source) ~[?:1.8.0_411]
	at org.bukkit.plugin.java.PluginClassLoader.<init>(PluginClassLoader.java:82) ~[patched_1.16.5.jar:git-Paper-750]
	at org.bukkit.plugin.java.JavaPluginLoader.loadPlugin(JavaPluginLoader.java:153) ~[patched_1.16.5.jar:git-Paper-750]
	... 7 more
[00:00:58] [Server thread/INFO]: [LuckPerms] Loading LuckPerms v5.4.102
[00:00:58] [Server thread/INFO]: [LoginSecurity] Loading LoginSecurity v3.3.0
[00:00:58] [Server thread/INFO]: [PlaceholderAPI] Loading PlaceholderAPI v2.11.5
[00:00:58] [Server thread/INFO]: [ClearLag] Loading ClearLag v3.2.2
[00:00:58] [Server thread/INFO]: [BetterPing] Loading BetterPing v1.11.1
[00:00:58] [Server thread/INFO]: [spark] Loading spark v1.10.34
[00:00:58] [Server thread/INFO]: [HolographicDisplays] Loading HolographicDisplays v3.0.3
[00:00:58] [Server thread/INFO]: [Vault] Loading Vault v1.7.3-b131
[00:00:58] [Server thread/INFO]: [LPC] Loading LPC v3.6.0
[00:00:58] [Server thread/INFO]: [Multiverse-Core] Loading Multiverse-Core v4.3.1-b861
[00:00:58] [Server thread/INFO]: [SkinsRestorer] Loading SkinsRestorer v15.0.15
[00:00:58] [Server thread/INFO]: [WorldEdit] Loading WorldEdit v7.2.17+6544-56d0383
[00:00:58] [Server thread/INFO]: Got request to register class com.sk89q.worldedit.bukkit.BukkitServerInterface with WorldEdit [com.sk89q.worldedit.extension.platform.PlatformManager@5707bfd4]
[00:00:58] [Server thread/INFO]: [DecentHolograms] Loading DecentHolograms v2.8.5
[00:00:58] [Server thread/INFO]: [Essentials] Loading Essentials v2.20.1
[00:00:58] [Server thread/INFO]: [WorldGuard] Loading WorldGuard v7.0.5+3827266
[00:00:58] [Server thread/INFO]: [TabList] Loading TabList v5.7.5
[00:00:58] [Server thread/INFO]: [GSit] Loading GSit v1.7.0
[00:00:59] [Server thread/INFO]: Server permissions file permissions.yml is empty, ignoring it
[00:00:59] [Server thread/INFO]: [LuckPerms] Enabling LuckPerms v5.4.102
[00:00:59] [Server thread/INFO]:         __    
[00:00:59] [Server thread/INFO]:   |    |__)   LuckPerms v5.4.102
[00:00:59] [Server thread/INFO]:   |___ |      Running on Bukkit - Paper
[00:00:59] [Server thread/INFO]: 
[00:00:59] [Server thread/INFO]: [LuckPerms] Loading configuration...
[00:01:00] [Server thread/INFO]: [LuckPerms] Loading storage provider... [H2]
[00:01:00] [Server thread/INFO]: [LuckPerms] Loading internal permission managers...
[00:01:00] [Server thread/INFO]: [LuckPerms] Performing initial data load...
[00:01:01] [Server thread/INFO]: [LuckPerms] Successfully enabled. (took 2372ms)
[00:01:01] [Server thread/INFO]: [Vault] Enabling Vault v1.7.3-b131
[00:01:01] [Server thread/WARN]: [Vault] Loaded class com.earth2me.essentials.api.Economy from Essentials v2.20.1 which is not a depend, softdepend or loadbefore of this plugin.
[00:01:01] [Server thread/INFO]: [Vault] [Economy] Essentials Economy found: Waiting
[00:01:01] [Server thread/INFO]: [Vault] [Permission] SuperPermissions loaded as backup permission system.
[00:01:01] [Server thread/INFO]: [Vault] Enabled Version 1.7.3-b131
[00:01:01] [Server thread/INFO]: [LuckPerms] Registered Vault permission & chat hook.
[00:01:01] [Server thread/INFO]: [SkinsRestorer] Enabling SkinsRestorer v15.0.15
[00:01:02] [Server thread/INFO]: [33;1m[[32;22mSkinsRestorer[33;1m] [0;39m[32;1mRunning on Minecraft [33;1m1.16.5[32;1m.[0;39m
[00:01:02] [Server thread/INFO]: [PlaceholderAPI] Successfully registered internal expansion: skinsrestorer [15.0.15]
[00:01:02] [Server thread/INFO]: [33;1m[[32;22mSkinsRestorer[33;1m] [0;39mPlaceholderAPI expansion registered![0;39m
[00:01:02] [Server thread/INFO]: [33;1m[[32;22mSkinsRestorer[33;1m] [0;39mUsing paper join listener![0;39m
[00:01:02] [Server thread/WARN]: [33;1m[[32;22mSkinsRestorer[33;1m] [0;39m[33;1mYour Java version "8" is not supported! SkinsRestorer now uses Java 17 primarily.[0;39m
[00:01:02] [Server thread/WARN]: [33;1m[[32;22mSkinsRestorer[33;1m] [0;39m[33;1mThe plugin was "downgraded" to Java 1.8 (Java 8) to ensure compatibility with your server, but it may cause issues.[0;39m
[00:01:02] [Server thread/WARN]: [33;1m[[32;22mSkinsRestorer[33;1m] [0;39m[33;1mThe plugin still works, but it may have Java version related issues.[0;39m
[00:01:02] [Server thread/WARN]: [33;1m[[32;22mSkinsRestorer[33;1m] [0;39m[33;1mPlease update your server Java version to 17 or higher to get the best performance, security and to avoid issues with SkinsRestorer.[0;39m
[00:01:02] [Server thread/INFO]: [WorldEdit] Enabling WorldEdit v7.2.17+6544-56d0383
[00:01:02] [Server thread/INFO]: Registering commands with com.sk89q.worldedit.bukkit.BukkitServerInterface
[00:01:02] [Server thread/INFO]: WEPIF: Vault detected! Using Vault for permissions
[00:01:03] [Server thread/INFO]: Using com.sk89q.worldedit.bukkit.adapter.impl.Spigot_v1_16_R3 as the Bukkit adapter
[00:01:03] [Server thread/WARN]: **** SERVER IS RUNNING IN OFFLINE/INSECURE MODE!
[00:01:03] [Server thread/WARN]: The server will make no attempt to authenticate usernames. Beware.
[00:01:03] [Server thread/WARN]: While this makes the game possible to play without internet access, it also opens up the ability for hackers to connect with any username they choose.
[00:01:03] [Server thread/WARN]: To change this, set "online-mode" to "true" in the server.properties file.
[00:01:03] [Server thread/INFO]: Preparing level "world"
[00:01:04] [Server thread/INFO]: Preparing start region for dimension minecraft:overworld
[00:01:04] [Server thread/INFO]: Preparing spawn area: 0%
[00:01:04] [Server thread/INFO]: Preparing spawn area: 0%
[00:01:04] [Server thread/INFO]: Time elapsed: 577 ms
[00:01:04] [Server thread/INFO]: Preparing start region for dimension minecraft:the_nether
[00:01:04] [Server thread/INFO]: Preparing spawn area: 0%
[00:01:04] [Server thread/INFO]: Time elapsed: 88 ms
[00:01:04] [Server thread/INFO]: Preparing start region for dimension minecraft:the_end
[00:01:05] [Server thread/INFO]: Time elapsed: 469 ms
[00:01:05] [Server thread/INFO]: [LoginSecurity] Enabling LoginSecurity v3.3.0
[00:01:05] [Server thread/INFO]: [LoginSecurity] Loading base translations from "en_us"
[00:01:05] [Server thread/INFO]: [LoginSecurity] Loading specified translations from "en_us"
[00:01:05] [Server thread/INFO]: [LoginSecurity] Registering commands...
[00:01:05] [Server thread/INFO]: [LoginSecurity] Registering listeners...
[00:01:05] [Server thread/INFO]: [LoginSecurity] Using 1.12+ map captcha renderer
[00:01:05] [Server thread/INFO]: [PlaceholderAPI] Enabling PlaceholderAPI v2.11.5
[00:01:05] [Server thread/INFO]: [PlaceholderAPI] Fetching available expansion information...
[00:01:05] [Server thread/INFO]: [ClearLag] Enabling ClearLag v3.2.2
[00:01:05] [Server thread/INFO]: [ClearLag] Using version-adapter: LatestVersionAdapter
[00:01:06] [Server thread/INFO]: [ClearLag] Loading modules...
[00:01:06] [Server thread/INFO]: [ClearLag] Modules enabed, loading config values
[00:01:06] [Server thread/INFO]: [ClearLag] Modules have been loaded!
[00:01:06] [Server thread/INFO]: [ClearLag] Clearlag is now enabled!
[00:01:06] [Thread-19/INFO]: [ClearLag] Checking for updates compatible with your bukkit version [1.16]...
[00:01:06] [Server thread/INFO]: [BetterPing] Enabling BetterPing v1.11.1*
[00:01:06] [Server thread/INFO]: [BetterPing] BetterPing setup was successful!
[00:01:06] [Server thread/INFO]: [BetterPing] The plugin setup process is complete!
[00:01:06] [Server thread/WARN]: [BetterPing] Loaded class me.clip.placeholderapi.expansion.PlaceholderExpansion from PlaceholderAPI v2.11.5 which is not a depend, softdepend or loadbefore of this plugin.
[00:01:06] [Server thread/INFO]: [PlaceholderAPI] Successfully registered internal expansion: betterping [1.11.1]
[00:01:06] [Server thread/INFO]: [spark] Enabling spark v1.10.34
[00:01:06] [Server thread/INFO]: [spark] Using Paper ServerTickStartEvent for tick monitoring
[00:01:06] [Server thread/INFO]: [spark] Starting background profiler...
[00:01:06] [Server thread/INFO]: [spark] The async-profiler engine is not supported for your os/arch (windows11/amd64), so the built-in Java engine will be used instead.
[00:01:06] [Thread-19/INFO]: [ClearLag] No updates found!
[00:01:06] [Server thread/INFO]: [PlaceholderAPI] Successfully registered internal expansion: spark [1.10.34]
[00:01:06] [Server thread/INFO]: [spark] Registered PlaceholderAPI placeholders
[00:01:06] [Server thread/INFO]: [HolographicDisplays] Enabling HolographicDisplays v3.0.3
[00:01:06] [Server thread/INFO]: [LPC] Enabling LPC v3.6.0
[00:01:06] [Server thread/INFO]: [Multiverse-Core] Enabling Multiverse-Core v4.3.1-b861
[00:01:06] [Server thread/WARN]: [Multiverse-Core] "Multiverse-Core v4.3.1-b861" has registered a listener for org.bukkit.event.entity.EntityCreatePortalEvent on method "public void com.onarandombox.MultiverseCore.listeners.MVPortalListener.entityPortalCreate(org.bukkit.event.entity.EntityCreatePortalEvent)", but the event is Deprecated. "Server performance will be affected"; please notify the authors [dumptruckman, Rigby, fernferret, lithium3141, main--].
[00:01:06] [Server thread/INFO]: [Multiverse-Core] We are aware of the warning about the deprecated event. There is no alternative that allows us to do what we need to do and performance impact is negligible. It is safe to ignore.
[00:01:06] [Server thread/INFO]: Preparing start region for dimension minecraft:josef_world
[00:01:06] [Server thread/INFO]: Preparing spawn area: 0%
[00:01:07] [Server thread/INFO]: Time elapsed: 290 ms
[00:01:07] [Server thread/INFO]: [Multiverse-Core] 4 - World(s) loaded.
[00:01:07] [Server thread/INFO]: [Multiverse-Core] Version 4.3.1-b861 (API v24) Enabled - By dumptruckman, Rigby, fernferret, lithium3141 and main--
[00:01:07] [Server thread/INFO]: [DecentHolograms] Enabling DecentHolograms v2.8.5
[00:01:07] [Server thread/INFO]: [Essentials] Enabling Essentials v2.20.1
[00:01:08] [Server thread/INFO]: [Essentials] Attempting to convert old kits in config.yml to new kits.yml
[00:01:08] [Server thread/INFO]: [Essentials] No kits found to migrate.
[00:01:08] [Server thread/INFO]: [Essentials] Loaded 39094 items from items.json.
[00:01:08] [Server thread/INFO]: [Essentials] Using locale en_US
[00:01:08] [Server thread/INFO]: [Essentials] ServerListPingEvent: Spigot iterator API
[00:01:08] [Server thread/INFO]: [Essentials] Starting Metrics. Opt-out using the global bStats config.
[00:01:08] [Server thread/INFO]: [Vault] [Economy] Essentials Economy hooked.
[00:01:08] [Server thread/INFO]: [Essentials] Using Vault based permissions (LuckPerms)
[00:01:08] [Server thread/INFO]: [WorldGuard] Enabling WorldGuard v7.0.5+3827266
[00:01:08] [Server thread/ERROR]: No TreeType mapping for TreeGenerator.TreeType.MANGROVE
[00:01:08] [Server thread/ERROR]: No TreeType mapping for TreeGenerator.TreeType.TALL_MANGROVE
[00:01:08] [Server thread/ERROR]: No TreeType mapping for TreeGenerator.TreeType.CHERRY
[00:01:08] [Server thread/INFO]: [WorldGuard] (world) TNT ignition is PERMITTED.
[00:01:08] [Server thread/INFO]: [WorldGuard] (world) Lighters are PERMITTED.
[00:01:08] [Server thread/INFO]: [WorldGuard] (world) Lava fire is PERMITTED.
[00:01:08] [Server thread/INFO]: [WorldGuard] (world) Fire spread is UNRESTRICTED.
[00:01:08] [Server thread/INFO]: [WorldGuard] Loaded configuration for world 'world'
[00:01:08] [Server thread/INFO]: [WorldGuard] (world_nether) TNT ignition is PERMITTED.
[00:01:08] [Server thread/INFO]: [WorldGuard] (world_nether) Lighters are PERMITTED.
[00:01:08] [Server thread/INFO]: [WorldGuard] (world_nether) Lava fire is PERMITTED.
[00:01:08] [Server thread/INFO]: [WorldGuard] (world_nether) Fire spread is UNRESTRICTED.
[00:01:08] [Server thread/INFO]: [WorldGuard] Loaded configuration for world 'world_nether'
[00:01:08] [Server thread/INFO]: [WorldGuard] (world_the_end) TNT ignition is PERMITTED.
[00:01:08] [Server thread/INFO]: [WorldGuard] (world_the_end) Lighters are PERMITTED.
[00:01:08] [Server thread/INFO]: [WorldGuard] (world_the_end) Lava fire is PERMITTED.
[00:01:08] [Server thread/INFO]: [WorldGuard] (world_the_end) Fire spread is UNRESTRICTED.
[00:01:08] [Server thread/INFO]: [WorldGuard] Loaded configuration for world 'world_the_end'
[00:01:08] [Server thread/INFO]: [WorldGuard] (josef_world) TNT ignition is PERMITTED.
[00:01:08] [Server thread/INFO]: [WorldGuard] (josef_world) Lighters are PERMITTED.
[00:01:08] [Server thread/INFO]: [WorldGuard] (josef_world) Lava fire is PERMITTED.
[00:01:08] [Server thread/INFO]: [WorldGuard] (josef_world) Fire spread is UNRESTRICTED.
[00:01:08] [Server thread/INFO]: [WorldGuard] Loaded configuration for world 'josef_world'
[00:01:08] [Server thread/INFO]: [WorldGuard] Loading region data...
[00:01:08] [Server thread/INFO]: [TabList] Enabling TabList v5.7.5
[00:01:08] [Server thread/INFO]: [TabList] Hooked PlaceholderAPI version: 2.11.5
[00:01:09] [Server thread/INFO]: [TabList] v5.7.5 on v1_16_5 (132ms)
[00:01:09] [Server thread/INFO]: [GSit] Enabling GSit v1.7.0
[00:01:09] [Server thread/INFO]: [GSit] The plugin was successfully enabled.
[00:01:09] [Server thread/INFO]: [GSit] Link with PlaceholderAPI successful!
[00:01:09] [Server thread/INFO]: [PlaceholderAPI] Successfully registered internal expansion: gsit [1.7.0]
[00:01:09] [Server thread/INFO]: [GSit] Link with WorldGuard successful!
[00:01:09] [Server thread/INFO]: [PlaceholderAPI] Placeholder expansion registration initializing...
[00:01:09] [Server thread/INFO]: Running delayed init tasks
[00:01:09] [Craft Scheduler Thread - 10/INFO]: [Essentials] Fetching version information...
[00:01:09] [Server thread/INFO]: [Essentials] Essentials found a compatible payment resolution method: Vault Compatibility Layer (v1.7.3-b131)!
[00:01:09] [ForkJoinPool.commonPool-worker-1/INFO]: [TabList] -------------
[00:01:09] [ForkJoinPool.commonPool-worker-1/INFO]: [TabList] New update is available for TabList
[00:01:09] [ForkJoinPool.commonPool-worker-1/INFO]: [TabList] Your version: 5.7.5, New version 5.7.6
[00:01:09] [ForkJoinPool.commonPool-worker-1/INFO]: [TabList] Download: https://www.spigotmc.org/resources/46229/
[00:01:09] [ForkJoinPool.commonPool-worker-1/INFO]: [TabList] 
[00:01:09] [ForkJoinPool.commonPool-worker-1/INFO]: [TabList] Always consider upgrading to the latest version, which may include fixes.
[00:01:09] [ForkJoinPool.commonPool-worker-1/INFO]: [TabList] 
[00:01:09] [ForkJoinPool.commonPool-worker-1/INFO]: [TabList] To disable update checking, go to the config file
[00:01:09] [ForkJoinPool.commonPool-worker-1/INFO]: [TabList] -------------
[00:01:09] [Craft Scheduler Thread - 7/INFO]: [DecentHolograms] Loading holograms... 
[00:01:09] [Server thread/INFO]: [PlaceholderAPI] Successfully registered external expansion: pinger [1.0.1]
[00:01:09] [Server thread/INFO]: [PlaceholderAPI] Successfully registered external expansion: server [2.6.2]
[00:01:09] [Craft Scheduler Thread - 17/INFO]: [Vault] Checking for Updates ... 
[00:01:09] [Server thread/INFO]: 2 placeholder hook(s) registered! 1 placeholder hook(s) have an update available.
[00:01:09] [Server thread/INFO]: Done (16.398s)! For help, type "help"
[00:01:09] [Server thread/WARN]: [io.papermc.paper.util.PaperJvmChecker] ************************************************************
[00:01:09] [Server thread/WARN]: [io.papermc.paper.util.PaperJvmChecker] * WARNING - YOU ARE RUNNING AN OUTDATED VERSION OF JAVA.
[00:01:09] [Server thread/WARN]: [io.papermc.paper.util.PaperJvmChecker] * PAPER WILL STOP BEING COMPATIBLE WITH THIS VERSION OF
[00:01:09] [Server thread/WARN]: [io.papermc.paper.util.PaperJvmChecker] * JAVA WHEN MINECRAFT 1.17 IS RELEASED.
[00:01:09] [Server thread/WARN]: [io.papermc.paper.util.PaperJvmChecker] *
[00:01:09] [Server thread/WARN]: [io.papermc.paper.util.PaperJvmChecker] * Please update the version of Java you use to run Paper
[00:01:09] [Server thread/WARN]: [io.papermc.paper.util.PaperJvmChecker] * to at least Java 16. When Paper for Minecraft 1.17 is
[00:01:09] [Server thread/WARN]: [io.papermc.paper.util.PaperJvmChecker] * released support for versions of Java before 16 will
[00:01:09] [Server thread/WARN]: [io.papermc.paper.util.PaperJvmChecker] * be dropped.
[00:01:09] [Server thread/WARN]: [io.papermc.paper.util.PaperJvmChecker] *
[00:01:09] [Server thread/WARN]: [io.papermc.paper.util.PaperJvmChecker] * Current Java version: 1.8.0_411
[00:01:09] [Server thread/WARN]: [io.papermc.paper.util.PaperJvmChecker] *
[00:01:09] [Server thread/WARN]: [io.papermc.paper.util.PaperJvmChecker] * Check this forum post for more information: 
[00:01:09] [Server thread/WARN]: [io.papermc.paper.util.PaperJvmChecker] *   https://papermc.io/java16
[00:01:09] [Server thread/WARN]: [io.papermc.paper.util.PaperJvmChecker] ************************************************************
[00:01:09] [Server thread/INFO]: Timings Reset
[00:01:09] [Craft Scheduler Thread - 7/INFO]: [DecentHolograms] Loaded 3 holograms!
[00:01:09] [Craft Scheduler Thread - 17/INFO]: [Vault] No new version available
[00:01:09] [Server thread/INFO]: [HolographicDisplays] Found a new version available: v3.0.4
[00:01:09] [Server thread/INFO]: [HolographicDisplays] Download it on Bukkit Dev:
[00:01:09] [Server thread/INFO]: [HolographicDisplays] https://dev.bukkit.org/projects/holographic-displays
[00:01:09] [Server thread/INFO]: [PlaceholderAPI] An update for PlaceholderAPI (v2.11.6) is available at:
[00:01:09] [Server thread/INFO]: [PlaceholderAPI] https://www.spigotmc.org/resources/placeholderapi.6245/
[00:01:09] [Craft Scheduler Thread - 9/INFO]: 
A newer version of DecentHolograms is available. Download it from: https://www.spigotmc.org/resources/96927/
[00:01:09] [Craft Scheduler Thread - 2/INFO]: [33;1m[[32;22mSkinsRestorer[33;1m] [0;39m[32;1m----------------------------------------------[0;39m
[00:01:09] [Craft Scheduler Thread - 2/INFO]: [33;1m[[32;22mSkinsRestorer[33;1m] [0;39m[32;1m    +==================+[0;39m
[00:01:09] [Craft Scheduler Thread - 2/INFO]: [33;1m[[32;22mSkinsRestorer[33;1m] [0;39m[32;1m    |   SkinsRestorer  |[0;39m
[00:01:09] [Craft Scheduler Thread - 2/INFO]: [33;1m[[32;22mSkinsRestorer[33;1m] [0;39m[32;1m    |------------------|[0;39m
[00:01:09] [Craft Scheduler Thread - 2/INFO]: [33;1m[[32;22mSkinsRestorer[33;1m] [0;39m[32;1m    |  [34;1m[4m[21mStandalone Mode[0;39m[32;1m |[0;39m
[00:01:09] [Craft Scheduler Thread - 2/INFO]: [33;1m[[32;22mSkinsRestorer[33;1m] [0;39m[32;1m    +==================+[0;39m
[00:01:09] [Craft Scheduler Thread - 2/INFO]: [33;1m[[32;22mSkinsRestorer[33;1m] [0;39m[32;1m----------------------------------------------[0;39m
[00:01:09] [Craft Scheduler Thread - 2/INFO]: [33;1m[[32;22mSkinsRestorer[33;1m] [0;39m[36;1m    Version: [32;1m15.0.15[0;39m
[00:01:09] [Craft Scheduler Thread - 2/INFO]: [33;1m[[32;22mSkinsRestorer[33;1m] [0;39m[36;1m    Commit: [32;1mfcfa8b9[0;39m
[00:01:09] [Craft Scheduler Thread - 2/INFO]: [33;1m[[32;22mSkinsRestorer[33;1m] [0;39m[32;1m    This is the latest version![0;39m
[00:01:09] [Craft Scheduler Thread - 2/INFO]: [33;1m[[32;22mSkinsRestorer[33;1m] [0;39m[32;1m----------------------------------------------[0;39m
[00:01:10] [Craft Scheduler Thread - 3/INFO]: BetterPing There is a new update available. Update: https://www.spigotmc.org/resources/better-ping-check-your-ping-on-the-server.81018/updates
[00:05:42] [User Authenticator #1/INFO]: UUID of player Omnivora is a8c4833b-8277-3e4b-8a36-c026632b3548
[00:05:43] [Server thread/INFO]: Omnivora joined the game
[00:05:43] [Server thread/INFO]: Omnivora[/0:0:0:0:0:0:0:1:53407] logged in with entity id 576 at ([world]-127.06425193228475, 69.0, 782.3416755466724)
[00:06:28] [Async Chat Thread - #0/INFO]: [MOD] Omnivora: p
[00:06:28] [Async Chat Thread - #0/INFO]: [MOD] Omnivora: p
[00:06:28] [Async Chat Thread - #0/INFO]: [MOD] Omnivora: p
[00:06:29] [Async Chat Thread - #0/INFO]: [MOD] Omnivora: p
[00:06:29] [Async Chat Thread - #0/INFO]: [MOD] Omnivora: p
[00:06:51] [Server thread/INFO]: --- Teleport ---
[00:06:51] [Server thread/INFO]: Allows you to display the teleport menu.
[00:06:51] [Server thread/INFO]: /mv tp [PLAYER] {DESTINATION}
[00:06:51] [Server thread/INFO]: Permission: multiverse.teleport.*
[00:06:51] [Server thread/INFO]: Aliases: mv tp, mvtp
[00:07:46] [Server thread/INFO]: Omnivora lost connection: Disconnected
[00:07:46] [Server thread/INFO]: Omnivora left the game
[00:07:54] [Server thread/INFO]: Stopping server
[00:07:54] [Server thread/INFO]: [GSit] Disabling GSit v1.7.0
[00:07:54] [Server thread/INFO]: [GSit] The plugin was successfully disabled.
[00:07:54] [Server thread/INFO]: [TabList] Disabling TabList v5.7.5
[00:07:54] [Server thread/INFO]: [WorldGuard] Disabling WorldGuard v7.0.5+3827266
[00:07:54] [Server thread/INFO]: [WorldGuard] Shutting down executor and cancelling any pending tasks...
[00:07:54] [Server thread/INFO]: [Essentials] Disabling Essentials v2.20.1
[00:07:54] [Server thread/INFO]: [Vault] [Economy] Essentials Economy unhooked.
[00:07:54] [Server thread/INFO]: [DecentHolograms] Disabling DecentHolograms v2.8.5
[00:07:54] [Server thread/INFO]: [WorldEdit] Disabling WorldEdit v7.2.17+6544-56d0383
[00:07:54] [Server thread/INFO]: Unregistering com.sk89q.worldedit.bukkit.BukkitServerInterface from WorldEdit
[00:07:54] [Server thread/INFO]: [SkinsRestorer] Disabling SkinsRestorer v15.0.15
[00:07:54] [Server thread/INFO]: [Multiverse-Core] Disabling Multiverse-Core v4.3.1-b861
[00:07:54] [Server thread/INFO]: [LPC] Disabling LPC v3.6.0
[00:07:54] [Server thread/INFO]: [Vault] Disabling Vault v1.7.3-b131
[00:07:54] [Server thread/INFO]: [HolographicDisplays] Disabling HolographicDisplays v3.0.3
[00:07:54] [Server thread/INFO]: [spark] Disabling spark v1.10.34
[00:07:54] [Server thread/INFO]: [BetterPing] Disabling BetterPing v1.11.1
[00:07:54] [Server thread/INFO]: [ClearLag] Disabling ClearLag v3.2.2
[00:07:54] [Server thread/INFO]: [ClearLag] Clearlag is now disabled!
[00:07:54] [Server thread/INFO]: [PlaceholderAPI] Disabling PlaceholderAPI v2.11.5
[00:07:54] [Server thread/INFO]: [LoginSecurity] Disabling LoginSecurity v3.3.0
[00:07:54] [Server thread/INFO]: [LoginSecurity] Waiting for queued tasks...
[00:07:54] [Server thread/INFO]: [LoginSecurity] ExecutorService shut down, ready to disable.
[00:07:54] [Server thread/INFO]: [LuckPerms] Disabling LuckPerms v5.4.102
[00:07:54] [Server thread/INFO]: [LuckPerms] Starting shutdown process...
[00:07:54] [Server thread/INFO]: [LuckPerms] Closing storage...
[00:07:54] [Server thread/INFO]: [LuckPerms] Goodbye!
[00:07:54] [Server thread/INFO]: Saving players
[00:07:54] [Server thread/INFO]: Saving worlds
[00:07:54] [Server thread/INFO]: Saving chunks for level 'ServerLevel[world]'/minecraft:overworld
[00:07:55] [Server thread/INFO]: ThreadedAnvilChunkStorage (world): All chunks are saved
[00:07:55] [Server thread/INFO]: Saving chunks for level 'ServerLevel[world_nether]'/minecraft:the_nether
[00:07:56] [Server thread/INFO]: ThreadedAnvilChunkStorage (DIM-1): All chunks are saved
[00:07:56] [Server thread/INFO]: Saving chunks for level 'ServerLevel[world_the_end]'/minecraft:the_end
[00:07:56] [Server thread/INFO]: ThreadedAnvilChunkStorage (DIM1): All chunks are saved
[00:07:56] [Server thread/INFO]: Saving chunks for level 'ServerLevel[josef_world]'/minecraft:josef_world
[00:07:57] [Server thread/INFO]: ThreadedAnvilChunkStorage (josef_world): All chunks are saved
[00:07:57] [Server thread/INFO]: ThreadedAnvilChunkStorage (world): All chunks are saved
[00:07:57] [Server thread/INFO]: ThreadedAnvilChunkStorage (DIM-1): All chunks are saved
[00:07:57] [Server thread/INFO]: ThreadedAnvilChunkStorage (DIM1): All chunks are saved
[00:07:57] [Server thread/INFO]: ThreadedAnvilChunkStorage (josef_world): All chunks are saved
[00:07:57] [Server thread/INFO]: Flushing Chunk IO
[00:07:57] [Server thread/INFO]: Closing Thread Pool
[00:07:57] [Server thread/INFO]: Closing Server
